2026-04-16 21:56:41,772 | INFO | cli | Initializing trading platform clients...
2026-04-16 21:56:41,773 | INFO | client | Successfully loaded API credentials and BASE_URL from .env file.
2026-04-16 21:56:43,090 | INFO | client | Confirmed Futures URL -> https://testnet.binancefuture.com
2026-04-16 21:56:43,091 | INFO | client | Successfully connected to Binance Futures Testnet
2026-04-16 21:56:43,094 | INFO | orders | Submitting MARKET request: Symbol=BTCUSDT, Side=BUY, Quantity=0.001
2026-04-16 21:56:43,256 | ERROR | orders | Binance API Error placing market order for BTCUSDT: 401 - API-key format invalid.
2026-04-16 21:56:43,260 | ERROR | cli | An unexpected error occurred during order routing.
Traceback (most recent call last):
  File "C:\Users\adith\trading_bot\cli.py", line 69, in main
    response = order_service.place_market_order(symbol, side, quantity)
  File "C:\Users\adith\trading_bot\bot\orders.py", line 36, in place_market_order
    response = self.client.futures_create_order(
        symbol=symbol,
    ...<2 lines>...
        quantity=quantity
    )
  File "C:\Users\adith\AppData\Roaming\Python\Python314\site-packages\binance\client.py", line 7951, in futures_create_order
    return self._request_futures_api("post", "order", True, data=params)
           ~~~~~~~~~~~~~~~~~~~~~~~~~^^^^^^^^^^^^^^^^^^^^^^^^^^^^^^^^^^^^
  File "C:\Users\adith\AppData\Roaming\Python\Python314\site-packages\binance\client.py", line 144, in _request_futures_api
    return self._request(method, uri, signed, force_params, **kwargs)
           ~~~~~~~~~~~~~^^^^^^^^^^^^^^^^^^^^^^^^^^^^^^^^^^^^^^^^^^^^^
  File "C:\Users\adith\AppData\Roaming\Python\Python314\site-packages\binance\client.py", line 107, in _request
    return self._handle_response(self.response)
           ~~~~~~~~~~~~~~~~~~~~~^^^^^^^^^^^^^^^
  File "C:\Users\adith\AppData\Roaming\Python\Python314\site-packages\binance\client.py", line 116, in _handle_response
    raise BinanceAPIException(response, response.status_code, response.text)
binance.exceptions.BinanceAPIException: APIError(code=-2014): API-key format invalid.
2026-04-16 21:56:57,446 | INFO | cli | Initializing trading platform clients...
2026-04-16 21:56:57,447 | INFO | client | Successfully loaded API credentials and BASE_URL from .env file.
2026-04-16 21:56:58,735 | INFO | client | Confirmed Futures URL -> https://testnet.binancefuture.com
2026-04-16 21:56:58,736 | INFO | client | Successfully connected to Binance Futures Testnet
2026-04-16 21:56:58,738 | INFO | orders | Submitting LIMIT request: Symbol=BTCUSDT, Side=SELL, Quantity=0.001, Price=60000.0
2026-04-16 21:56:58,882 | ERROR | orders | Binance API Error placing limit order for BTCUSDT: 401 - API-key format invalid.
2026-04-16 21:56:58,883 | ERROR | cli | An unexpected error occurred during order routing.
Traceback (most recent call last):
  File "C:\Users\adith\trading_bot\cli.py", line 71, in main
    response = order_service.place_limit_order(symbol, side, quantity, price)
  File "C:\Users\adith\trading_bot\bot\orders.py", line 72, in place_limit_order
    response = self.client.futures_create_order(
        symbol=symbol,
    ...<4 lines>...
        price=price
    )
  File "C:\Users\adith\AppData\Roaming\Python\Python314\site-packages\binance\client.py", line 7951, in futures_create_order
    return self._request_futures_api("post", "order", True, data=params)
           ~~~~~~~~~~~~~~~~~~~~~~~~~^^^^^^^^^^^^^^^^^^^^^^^^^^^^^^^^^^^^
  File "C:\Users\adith\AppData\Roaming\Python\Python314\site-packages\binance\client.py", line 144, in _request_futures_api
    return self._request(method, uri, signed, force_params, **kwargs)
           ~~~~~~~~~~~~~^^^^^^^^^^^^^^^^^^^^^^^^^^^^^^^^^^^^^^^^^^^^^
  File "C:\Users\adith\AppData\Roaming\Python\Python314\site-packages\binance\client.py", line 107, in _request
    return self._handle_response(self.response)
           ~~~~~~~~~~~~~~~~~~~~~^^^^^^^^^^^^^^^
  File "C:\Users\adith\AppData\Roaming\Python\Python314\site-packages\binance\client.py", line 116, in _handle_response
    raise BinanceAPIException(response, response.status_code, response.text)
binance.exceptions.BinanceAPIException: APIError(code=-2014): API-key format invalid.
